[debug] [2017-09-15T17:30:01.829Z] ----------------------------------------------------------------------
[debug] [2017-09-15T17:30:01.831Z] Command:       /home/oddalot/.nvm/versions/node/v8.5.0/bin/node /usr/local/bin/firebase serve
[debug] [2017-09-15T17:30:01.831Z] CLI Version:   3.10.1
[debug] [2017-09-15T17:30:01.831Z] Platform:      linux
[debug] [2017-09-15T17:30:01.831Z] Node Version:  v8.5.0
[debug] [2017-09-15T17:30:01.831Z] Time:          Fri Sep 15 2017 13:30:01 GMT-0400 (EDT)
[debug] [2017-09-15T17:30:01.831Z] ----------------------------------------------------------------------
[debug] 
[debug] [2017-09-15T17:30:01.841Z] > command requires scopes: ["email","openid","https://www.googleapis.com/auth/cloudplatformprojects.readonly","https://www.googleapis.com/auth/firebase","https://www.googleapis.com/auth/cloud-platform"]
[debug] [2017-09-15T17:30:01.841Z] > authorizing via signed-in user
[debug] [2017-09-15T17:30:01.842Z] > refreshing access token with scopes: ["email","https://www.googleapis.com/auth/cloud-platform","https://www.googleapis.com/auth/cloudplatformprojects.readonly","https://www.googleapis.com/auth/firebase","openid"]
[debug] [2017-09-15T17:30:01.842Z] >>> HTTP REQUEST POST https://www.googleapis.com/oauth2/v3/token { refresh_token: '1/QdaYpLkqsFY-hLPs7ofnkrJrMnqdfRlblHeLS3pLc8o',
  client_id: '563584335869-fgrhgmd47bqnekij5i8b5pr03ho849e6.apps.googleusercontent.com',
  client_secret: 'j9iVZfS8kkCEFUPaAeJV0sAi',
  grant_type: 'refresh_token',
  scope: 'email https://www.googleapis.com/auth/cloud-platform https://www.googleapis.com/auth/cloudplatformprojects.readonly https://www.googleapis.com/auth/firebase openid' } 
 Fri Sep 15 2017 13:30:01 GMT-0400 (EDT)
[debug] [2017-09-15T17:30:02.077Z] <<< HTTP RESPONSE 200
[debug] [2017-09-15T17:30:02.081Z] >>> HTTP REQUEST GET https://admin.firebase.com/v1/projects/homepage-818e2  
 Fri Sep 15 2017 13:30:02 GMT-0400 (EDT)
[debug] [2017-09-15T17:30:02.480Z] <<< HTTP RESPONSE 200
[debug] [2017-09-15T17:30:02.481Z] >>> HTTP REQUEST GET https://admin.firebase.com/v1/database/homepage-818e2/tokens  
 Fri Sep 15 2017 13:30:02 GMT-0400 (EDT)
[debug] [2017-09-15T17:30:02.988Z] <<< HTTP RESPONSE 200
[info] 
[info] === Serving from '/home/oddalot/Development/homepage'...
[info] 
[debug] [2017-09-15T17:30:02.993Z] >>> HTTP REQUEST GET https://cloudresourcemanager.googleapis.com/v1/projects/homepage-818e2  
 Fri Sep 15 2017 13:30:02 GMT-0400 (EDT)
[debug] [2017-09-15T17:30:03.290Z] <<< HTTP RESPONSE 200
[debug] [2017-09-15T17:30:03.290Z] >>> HTTP REQUEST GET https://mobilesdk-pa.googleapis.com/v1/projects/669414395294/clients/_:getWebAppConfig  
 Fri Sep 15 2017 13:30:03 GMT-0400 (EDT)
[debug] [2017-09-15T17:30:03.885Z] <<< HTTP RESPONSE 200
[info] i  hosting: Serving hosting files from: public
[info] ✔  hosting: Local server: http://localhost:5000

